rank 0 recv_rank 1 data 3
rank 0 recv_rank 2 data 5
rank 0 recv_rank 3 data 7
rank 0 recv_rank 1 data 3
rank 0 recv_rank 2 data 5
rank 0 recv_rank 3 data 7
rank 0 recv_rank 1 data 3
rank 0 recv_rank 2 data 5
rank 0 recv_rank 3 data 7
rank 0 recv_rank 1 data 3
rank 0 recv_rank 2 data 5
rank 0 recv_rank 3 data 7
rank 0 recv_rank 1 data 3
rank 0 recv_rank 2 data 5
rank 0 recv_rank 3 data 7
rank 0 recv_rank 1 data 3
rank 0 recv_rank 2 data 5
rank 0 recv_rank 3 data 7
rank 0 recv_rank 1 data 3
rank 0 recv_rank 2 data 5
rank 0 recv_rank 3 data 7
rank 0 recv_rank 1 data 3
rank 0 recv_rank 2 data 5
rank 0 recv_rank 3 data 7
rank 0 recv_rank 1 data 3
rank 0 recv_rank 2 data 5
rank 0 recv_rank 3 data 7
rank 0 recv_rank 1 data 3
rank 0 recv_rank 2 data 5
rank 0 recv_rank 3 data 7
